Input sequence: ABABAB
Output sequence: 0 1 3 3 
Dictionary:
0 A
1 B
2 C
3 AB
4 BA
5 ABA

Input sequence: ACBBACAACBBACAACBBACAACBBACA
Output sequence: 0 2 1 1 3 0 3 5 7 9 6 2 8 4 13 0 
Dictionary:
0 A
1 B
2 C
3 AC
4 CB
5 BB
6 BA
7 ACA
8 AA
9 ACB
10 BBA
11 ACAA
12 ACBB
13 BAC
14 CA
15 AAC
16 CBB
17 BACA

Input sequence: ABCABCABCABCABCABCABCABCABCABCABCABCABCABCABCABCABCABCABCABCABCA
Output sequence: 0 1 2 3 5 4 6 9 8 11 7 13 10 14 12 15 18 17 
Dictionary:
0 A
1 B
2 C
3 AB
4 BC
5 CA
6 ABC
7 CAB
8 BCA
9 ABCA
10 ABCAB
11 BCAB
12 BCABC
13 CABC
14 CABCA
15 ABCABC
16 CABCAB
17 BCABCA
18 ABCABCA
19 ABCABCAB

